<?xml version="1.0" encoding="UTF-8"?>
<robot generator="Robot 3.2.2 (Python 3.7.4 on darwin)" generated="20201218 18:34:14.189" rpa="false">
<suite id="s1" name="VideoSharingFunctionality" source="/Users/iqraali/Projects/QA Job Assessments/QA Assessment - YT Video Sharing/suites/VideoSharingFunctionality.robot">
<test id="s1-t1" name="Verify-Video-LinkSharing-Using-ShareButton">
<kw name="Backup Existing Reports" library="helperKeywords" type="setup">
<msg timestamp="20201218 18:34:14.503" level="INFO">logs/2020-12-18 18:34:00 &lt;class 'str'&gt;</msg>
<status status="PASS" starttime="20201218 18:34:14.502" endtime="20201218 18:34:14.503"></status>
</kw>
<kw name="Open Browser with Goto URL">
<kw name="Open Browser" library="SeleniumLibrary">
<doc>Opens a new browser instance to the optional ``url``.</doc>
<arguments>
<arg>${GivenVideoURL}</arg>
<arg>${Browser}</arg>
</arguments>
<msg timestamp="20201218 18:34:14.504" level="INFO">Opening browser 'Chrome' to base url 'https://www.youtube.com/watch?v=k6NmJKcS7wk'.</msg>
<status status="PASS" starttime="20201218 18:34:14.504" endtime="20201218 18:34:20.510"></status>
</kw>
<status status="PASS" starttime="20201218 18:34:14.504" endtime="20201218 18:34:20.511"></status>
</kw>
<kw name="ByPass Youtube Agreement Popup">
<kw name="Wait Until Element Is Visible" library="SeleniumLibrary">
<doc>Waits until the element ``locator`` is visible.</doc>
<arguments>
<arg>id:dialog</arg>
<arg>${Timeout}</arg>
</arguments>
<status status="PASS" starttime="20201218 18:34:20.515" endtime="20201218 18:34:22.071"></status>
</kw>
<kw name="Press Keys" library="SeleniumLibrary">
<doc>Simulates the user pressing key(s) to an element or on the active browser.</doc>
<arguments>
<arg>None</arg>
<arg>TAB</arg>
</arguments>
<msg timestamp="20201218 18:34:22.074" level="INFO">Sending key(s) ('TAB',) to page.</msg>
<msg timestamp="20201218 18:34:22.074" level="INFO">Pressing special key TAB to browser.</msg>
<msg timestamp="20201218 18:34:22.075" level="INFO">Releasing special key TAB.</msg>
<status status="PASS" starttime="20201218 18:34:22.072" endtime="20201218 18:34:22.287"></status>
</kw>
<kw name="Press Keys" library="SeleniumLibrary">
<doc>Simulates the user pressing key(s) to an element or on the active browser.</doc>
<arguments>
<arg>None</arg>
<arg>TAB</arg>
</arguments>
<msg timestamp="20201218 18:34:22.288" level="INFO">Sending key(s) ('TAB',) to page.</msg>
<msg timestamp="20201218 18:34:22.288" level="INFO">Pressing special key TAB to browser.</msg>
<msg timestamp="20201218 18:34:22.288" level="INFO">Releasing special key TAB.</msg>
<status status="PASS" starttime="20201218 18:34:22.287" endtime="20201218 18:34:22.367"></status>
</kw>
<kw name="Press Keys" library="SeleniumLibrary">
<doc>Simulates the user pressing key(s) to an element or on the active browser.</doc>
<arguments>
<arg>None</arg>
<arg>RETURN</arg>
</arguments>
<msg timestamp="20201218 18:34:22.368" level="INFO">Sending key(s) ('RETURN',) to page.</msg>
<msg timestamp="20201218 18:34:22.368" level="INFO">Pressing special key RETURN to browser.</msg>
<msg timestamp="20201218 18:34:22.368" level="INFO">Releasing special key RETURN.</msg>
<status status="PASS" starttime="20201218 18:34:22.367" endtime="20201218 18:34:22.570"></status>
</kw>
<status status="PASS" starttime="20201218 18:34:20.513" endtime="20201218 18:34:22.571"></status>
</kw>
<kw name="ByPass SignIn Popup">
<kw name="Wait Until Element Is Visible" library="SeleniumLibrary">
<doc>Waits until the element ``locator`` is visible.</doc>
<arguments>
<arg>id:iframe</arg>
<arg>${Timeout}</arg>
</arguments>
<status status="PASS" starttime="20201218 18:34:22.572" endtime="20201218 18:34:22.961"></status>
</kw>
<kw name="Sleep" library="BuiltIn">
<doc>Pauses the test executed for the given time.</doc>
<arguments>
<arg>1s</arg>
</arguments>
<msg timestamp="20201218 18:34:23.964" level="INFO">Slept 1 second</msg>
<status status="PASS" starttime="20201218 18:34:22.961" endtime="20201218 18:34:23.964"></status>
</kw>
<kw name="Press Keys" library="SeleniumLibrary">
<doc>Simulates the user pressing key(s) to an element or on the active browser.</doc>
<arguments>
<arg>None</arg>
<arg>TAB</arg>
</arguments>
<msg timestamp="20201218 18:34:23.964" level="INFO">Sending key(s) ('TAB',) to page.</msg>
<msg timestamp="20201218 18:34:23.964" level="INFO">Pressing special key TAB to browser.</msg>
<msg timestamp="20201218 18:34:23.965" level="INFO">Releasing special key TAB.</msg>
<status status="PASS" starttime="20201218 18:34:23.964" endtime="20201218 18:34:24.248"></status>
</kw>
<kw name="Press Keys" library="SeleniumLibrary">
<doc>Simulates the user pressing key(s) to an element or on the active browser.</doc>
<arguments>
<arg>None</arg>
<arg>TAB</arg>
</arguments>
<msg timestamp="20201218 18:34:24.249" level="INFO">Sending key(s) ('TAB',) to page.</msg>
<msg timestamp="20201218 18:34:24.249" level="INFO">Pressing special key TAB to browser.</msg>
<msg timestamp="20201218 18:34:24.250" level="INFO">Releasing special key TAB.</msg>
<status status="PASS" starttime="20201218 18:34:24.248" endtime="20201218 18:34:24.485"></status>
</kw>
<kw name="Press Keys" library="SeleniumLibrary">
<doc>Simulates the user pressing key(s) to an element or on the active browser.</doc>
<arguments>
<arg>None</arg>
<arg>RETURN</arg>
</arguments>
<msg timestamp="20201218 18:34:24.486" level="INFO">Sending key(s) ('RETURN',) to page.</msg>
<msg timestamp="20201218 18:34:24.486" level="INFO">Pressing special key RETURN to browser.</msg>
<msg timestamp="20201218 18:34:24.486" level="INFO">Releasing special key RETURN.</msg>
<status status="PASS" starttime="20201218 18:34:24.486" endtime="20201218 18:34:24.610"></status>
</kw>
<status status="PASS" starttime="20201218 18:34:22.571" endtime="20201218 18:34:24.611"></status>
</kw>
<kw name="Sleep" library="BuiltIn">
<doc>Pauses the test executed for the given time.</doc>
<arguments>
<arg>1s</arg>
</arguments>
<msg timestamp="20201218 18:34:25.612" level="INFO">Slept 1 second</msg>
<status status="PASS" starttime="20201218 18:34:24.611" endtime="20201218 18:34:25.612"></status>
</kw>
<kw name="Click Element By Locator">
<arguments>
<arg>xpath://html/body/ytd-app/div/ytd-page-manager/ytd-watch-flexy/div[4]/div[1]/div/div[5]/div[2]/ytd-video-primary-info-renderer/div/div/div[3]/div/ytd-menu-renderer/div/ytd-button-renderer[1]/a/yt-formatted-string</arg>
</arguments>
<kw name="Sleep" library="BuiltIn">
<doc>Pauses the test executed for the given time.</doc>
<arguments>
<arg>3s</arg>
</arguments>
<msg timestamp="20201218 18:34:28.614" level="INFO">Slept 3 seconds</msg>
<status status="PASS" starttime="20201218 18:34:25.614" endtime="20201218 18:34:28.615"></status>
</kw>
<kw name="Wait Until Element Is Visible" library="SeleniumLibrary">
<doc>Waits until the element ``locator`` is visible.</doc>
<arguments>
<arg>${locator}</arg>
<arg>${Timeout}</arg>
</arguments>
<status status="PASS" starttime="20201218 18:34:28.615" endtime="20201218 18:34:28.669"></status>
</kw>
<kw name="Click Element" library="SeleniumLibrary">
<doc>Click the element identified by ``locator``.</doc>
<arguments>
<arg>${locator}</arg>
</arguments>
<msg timestamp="20201218 18:34:28.669" level="INFO">Clicking element 'xpath://html/body/ytd-app/div/ytd-page-manager/ytd-watch-flexy/div[4]/div[1]/div/div[5]/div[2]/ytd-video-primary-info-renderer/div/div/div[3]/div/ytd-menu-renderer/div/ytd-button-renderer[1]/a/yt-formatted-string'.</msg>
<status status="PASS" starttime="20201218 18:34:28.669" endtime="20201218 18:34:28.844"></status>
</kw>
<status status="PASS" starttime="20201218 18:34:25.612" endtime="20201218 18:34:28.845"></status>
</kw>
<kw name="Click Element By Locator">
<arguments>
<arg>id:copy-button</arg>
</arguments>
<kw name="Sleep" library="BuiltIn">
<doc>Pauses the test executed for the given time.</doc>
<arguments>
<arg>3s</arg>
</arguments>
<msg timestamp="20201218 18:34:31.849" level="INFO">Slept 3 seconds</msg>
<status status="PASS" starttime="20201218 18:34:28.847" endtime="20201218 18:34:31.849"></status>
</kw>
<kw name="Wait Until Element Is Visible" library="SeleniumLibrary">
<doc>Waits until the element ``locator`` is visible.</doc>
<arguments>
<arg>${locator}</arg>
<arg>${Timeout}</arg>
</arguments>
<status status="PASS" starttime="20201218 18:34:31.850" endtime="20201218 18:34:31.874"></status>
</kw>
<kw name="Click Element" library="SeleniumLibrary">
<doc>Click the element identified by ``locator``.</doc>
<arguments>
<arg>${locator}</arg>
</arguments>
<msg timestamp="20201218 18:34:31.875" level="INFO">Clicking element 'id:copy-button'.</msg>
<status status="PASS" starttime="20201218 18:34:31.874" endtime="20201218 18:34:31.961"></status>
</kw>
<status status="PASS" starttime="20201218 18:34:28.845" endtime="20201218 18:34:31.962"></status>
</kw>
<kw name="Get Text From Clipboard" library="helperKeywords">
<assign>
<var>${copied_video_url}</var>
</assign>
<msg timestamp="20201218 18:34:32.021" level="INFO">${copied_video_url} = https://youtu.be/k6NmJKcS7wk</msg>
<status status="PASS" starttime="20201218 18:34:31.962" endtime="20201218 18:34:32.021"></status>
</kw>
<kw name="Switch To New Tab With Goto URL">
<arguments>
<arg>${copied_video_url}</arg>
</arguments>
<kw name="Execute Javascript" library="SeleniumLibrary">
<doc>Executes the given JavaScript code with possible arguments.</doc>
<arguments>
<arg>window.open('')</arg>
</arguments>
<msg timestamp="20201218 18:34:32.025" level="INFO">Executing JavaScript:
window.open('')
Without any arguments.</msg>
<status status="PASS" starttime="20201218 18:34:32.023" endtime="20201218 18:34:32.072"></status>
</kw>
<kw name="Switch Window" library="SeleniumLibrary">
<doc>Switches to browser window matching ``locator``.</doc>
<arguments>
<arg>title=undefined</arg>
</arguments>
<status status="PASS" starttime="20201218 18:34:32.073" endtime="20201218 18:34:32.200"></status>
</kw>
<kw name="Go To" library="SeleniumLibrary">
<doc>Navigates the current browser window to the provided ``url``.</doc>
<arguments>
<arg>${url}</arg>
</arguments>
<msg timestamp="20201218 18:34:32.201" level="INFO">Opening url 'https://youtu.be/k6NmJKcS7wk'</msg>
<status status="PASS" starttime="20201218 18:34:32.201" endtime="20201218 18:34:33.778"></status>
</kw>
<status status="PASS" starttime="20201218 18:34:32.022" endtime="20201218 18:34:33.778"></status>
</kw>
<kw name="Sleep" library="BuiltIn">
<doc>Pauses the test executed for the given time.</doc>
<arguments>
<arg>1s</arg>
</arguments>
<msg timestamp="20201218 18:34:34.780" level="INFO">Slept 1 second</msg>
<status status="PASS" starttime="20201218 18:34:33.779" endtime="20201218 18:34:34.780"></status>
</kw>
<kw name="Get Window Titles" library="SeleniumLibrary">
<doc>Returns and logs titles of all windows of the selected browser.</doc>
<assign>
<var>@{titles}</var>
</assign>
<msg timestamp="20201218 18:34:35.511" level="INFO">Altogether 2 items.
1: 'Ik heb even laten zien wat hij kan' | WEGMISBRUIKERS - YouTube
2: 'Ik heb even laten zien wat hij kan' | WEGMISBRUIKERS - YouTube</msg>
<msg timestamp="20201218 18:34:35.511" level="INFO">@{titles} = [ 'Ik heb even laten zien wat hij kan' | WEGMISBRUIKERS - YouTube | 'Ik heb even laten zien wat hij kan' | WEGMISBRUIKERS - YouTube ]</msg>
<status status="PASS" starttime="20201218 18:34:34.781" endtime="20201218 18:34:35.511"></status>
</kw>
<kw name="Log" library="BuiltIn">
<doc>Logs the given message with the given level.</doc>
<arguments>
<arg>${titles}[0]</arg>
</arguments>
<msg timestamp="20201218 18:34:35.513" level="INFO">'Ik heb even laten zien wat hij kan' | WEGMISBRUIKERS - YouTube</msg>
<status status="PASS" starttime="20201218 18:34:35.512" endtime="20201218 18:34:35.513"></status>
</kw>
<kw name="Should Be Equal" library="BuiltIn">
<doc>Fails if the given objects are unequal.</doc>
<arguments>
<arg>${titles}[0]</arg>
<arg>${titles}[1]</arg>
</arguments>
<status status="PASS" starttime="20201218 18:34:35.513" endtime="20201218 18:34:35.514"></status>
</kw>
<kw name="Close Browser" library="SeleniumLibrary" type="teardown">
<doc>Closes the current browser.</doc>
<status status="PASS" starttime="20201218 18:34:35.515" endtime="20201218 18:34:35.779"></status>
</kw>
<status status="PASS" starttime="20201218 18:34:14.501" endtime="20201218 18:34:35.779" critical="yes"></status>
</test>
<doc>1. Launch browser with a YT video URL
2. Pass youtube agreement Popup
3. Pass youtube signin Popup
4. Click on video share button
5. Click on Copy url button [video link will be saved on clipborad]
6. Launch another browser tab with the copied video URL
7. Verify if the same video is playing in the new tab, by verifying both titles</doc>
<status status="PASS" starttime="20201218 18:34:14.192" endtime="20201218 18:34:35.783"></status>
</suite>
<statistics>
<total>
<stat pass="1" fail="0">Critical Tests</stat>
<stat pass="1" fail="0">All Tests</stat>
</total>
<tag>
</tag>
<suite>
<stat pass="1" fail="0" id="s1" name="VideoSharingFunctionality">VideoSharingFunctionality</stat>
</suite>
</statistics>
<errors>
</errors>
</robot>
